#-----------------------------------------------------------
# Vivado v2018.2.2 (64-bit)
# SW Build 2348494 on Mon Oct  1 18:25:44 MDT 2018
# IP Build 2318053 on Mon Oct  1 21:44:26 MDT 2018
# Start of session at: Fri Mar 15 16:29:35 2019
# Process ID: 4492
# Current directory: C:/Users/jpiam/Documents/GitHub/digi-cmdproc-interim/Vivado
# Command line: vivado.exe -gui_launcher_event rodinguilauncherevent7792 C:\Users\jpiam\Documents\GitHub\digi-cmdproc-interim\Vivado\190302_digi_cmd_interim_01.xpr
# Log file: C:/Users/jpiam/Documents/GitHub/digi-cmdproc-interim/Vivado/vivado.log
# Journal file: C:/Users/jpiam/Documents/GitHub/digi-cmdproc-interim/Vivado\vivado.jou
#-----------------------------------------------------------
start_gui
open_project C:/Users/jpiam/Documents/GitHub/digi-cmdproc-interim/Vivado/190302_digi_cmd_interim_01.xpr
Scanning sources...
Finished scanning sources
INFO: [IP_Flow 19-234] Refreshing IP repositories
INFO: [IP_Flow 19-1704] No user IP repositories specified
INFO: [IP_Flow 19-2313] Loaded Vivado IP repository 'C:/Xilinx/Vivado/2018.2/data/ip'.
open_project: Time (s): cpu = 00:00:12 ; elapsed = 00:00:08 . Memory (MB): peak = 708.480 ; gain = 69.699
update_compile_order -fileset sources_1
launch_simulation
INFO: [Vivado 12-5682] Launching behavioral simulation in 'C:/Users/jpiam/Documents/GitHub/digi-cmdproc-interim/Vivado/190302_digi_cmd_interim_01.sim/sim_1/behav/xsim'
INFO: [SIM-utils-51] Simulation object is 'sim_1'
INFO: [SIM-utils-54] Inspecting design source files for 'tb_cmdProc_interim' in fileset 'sim_1'...
INFO: [USF-XSim-97] Finding global include files...
INFO: [USF-XSim-98] Fetching design files from 'sim_1'...
INFO: [USF-XSim-2] XSim::Compile design
INFO: [USF-XSim-61] Executing 'COMPILE and ANALYZE' step in 'C:/Users/jpiam/Documents/GitHub/digi-cmdproc-interim/Vivado/190302_digi_cmd_interim_01.sim/sim_1/behav/xsim'
"xvhdl --incr --relax -prj tb_cmdProc_interim_vhdl.prj"
INFO: [VRFC 10-163] Analyzing VHDL file "C:/Users/jpiam/Documents/GitHub/digi-cmdproc-interim/Vivado/190302_digi_cmd_interim_01.srcs/sources_1/imports/190302_digi_cmd_interim_01/cmdProc.vhd" into library xil_defaultlib
INFO: [VRFC 10-307] analyzing entity cmdProc
INFO: [USF-XSim-69] 'compile' step finished in '3' seconds
INFO: [USF-XSim-3] XSim::Elaborate design
INFO: [USF-XSim-61] Executing 'ELABORATE' step in 'C:/Users/jpiam/Documents/GitHub/digi-cmdproc-interim/Vivado/190302_digi_cmd_interim_01.sim/sim_1/behav/xsim'
Vivado Simulator 2018.2
Copyright 1986-1999, 2001-2018 Xilinx, Inc. All Rights Reserved.
Running: C:/Xilinx/Vivado/2018.2/bin/unwrapped/win64.o/xelab.exe -wto 39fbb74f0afe4409b2dcdca60c3a32ca --incr --debug typical --relax --mt 2 -L xil_defaultlib -L secureip --snapshot tb_cmdProc_interim_behav xil_defaultlib.tb_cmdProc_interim -log elaborate.log 
Using 2 slave threads.
Starting static elaboration
Completed static elaboration
Starting simulation data flow analysis
Completed simulation data flow analysis
Time Resolution for simulation is 1ps
Compiling package std.standard
Compiling package std.textio
Compiling package ieee.std_logic_1164
Compiling package ieee.numeric_std
Compiling package xil_defaultlib.common_pack
Compiling package unisim.vcomponents
Compiling package ieee.vital_timing
Compiling package ieee.vital_primitives
Compiling package unisim.vpkg
Compiling package ieee.std_logic_arith
Compiling package ieee.std_logic_unsigned
Compiling architecture behav of entity xil_defaultlib.dataGen [datagen_default]
Compiling architecture gnd_v of entity unisim.GND [gnd_default]
Compiling architecture carry4_v of entity unisim.CARRY4 [carry4_default]
Compiling architecture lut4_v of entity unisim.LUT4 [\LUT4(init="0010111100000010")(0...]
Compiling architecture lut4_v of entity unisim.LUT4 [\LUT4(init="1001000000001001")(0...]
Compiling architecture structure of entity xil_defaultlib.comparator [comparator_default]
Compiling architecture fdre_v of entity unisim.FDRE [fdre_default]
Compiling architecture lut4_v of entity unisim.LUT4 [\LUT4(init="1110111100010000")(0...]
Compiling architecture lut6_v of entity unisim.LUT6 [\LUT6(init="10111000100010001011...]
Compiling architecture lut5_v of entity unisim.LUT5 [\LUT5(init="00100000001011110010...]
Compiling architecture lut3_v of entity unisim.LUT3 [\LUT3(init="00000110")(0,7)\]
Compiling architecture lut4_v of entity unisim.LUT4 [\LUT4(init="0000000010000000")(0...]
Compiling architecture lut6_v of entity unisim.LUT6 [\LUT6(init="00000000000001000000...]
Compiling architecture lut6_v of entity unisim.LUT6 [\LUT6(init="00000000000000010000...]
Compiling architecture lut3_v of entity unisim.LUT3 [\LUT3(init="01000000")(0,7)\]
Compiling architecture lut1_v of entity unisim.LUT1 [\LUT1(init="0001")(0,3)\]
Compiling architecture lut2_v of entity unisim.LUT2 [\LUT2(init="1001")(0,3)\]
Compiling architecture lut3_v of entity unisim.LUT3 [\LUT3(init="11100001")(0,7)\]
Compiling architecture lut4_v of entity unisim.LUT4 [\LUT4(init="1111111000000001")(0...]
Compiling architecture lut2_v of entity unisim.LUT2 [\LUT2(init="1110")(0,3)\]
Compiling architecture lut3_v of entity unisim.LUT3 [\LUT3(init="00010000")(0,7)\]
Compiling architecture fdse_v of entity unisim.FDSE [fdse_default]
Compiling architecture lut6_v of entity unisim.LUT6 [\LUT6(init="10000000000000000000...]
Compiling architecture lut6_v of entity unisim.LUT6 [\LUT6(init="10010000000010010000...]
Compiling architecture lut3_v of entity unisim.LUT3 [\LUT3(init="10111000")(0,7)\]
Compiling architecture lut6_v of entity unisim.LUT6 [\LUT6(init="11111111111100001111...]
Compiling architecture lut6_v of entity unisim.LUT6 [\LUT6(init="00000000000000000000...]
Compiling architecture lut6_v of entity unisim.LUT6 [\LUT6(init="00000000000000000000...]
Compiling architecture lut4_v of entity unisim.LUT4 [\LUT4(init="0000000000001000")(0...]
Compiling architecture lut3_v of entity unisim.LUT3 [\LUT3(init="00000010")(0,7)\]
Compiling architecture lut2_v of entity unisim.LUT2 [\LUT2(init="0110")(0,3)\]
Compiling architecture lut3_v of entity unisim.LUT3 [\LUT3(init="01111000")(0,7)\]
Compiling architecture lut6_v of entity unisim.LUT6 [\LUT6(init="11101110111011101111...]
Compiling architecture lut4_v of entity unisim.LUT4 [\LUT4(init="0111111110000000")(0...]
Compiling architecture lut4_v of entity unisim.LUT4 [\LUT4(init="0001000000000000")(0...]
Compiling architecture lut6_v of entity unisim.LUT6 [\LUT6(init="00000000000000000000...]
Compiling architecture lut5_v of entity unisim.LUT5 [\LUT5(init="00000000000000000000...]
Compiling architecture lut2_v of entity unisim.LUT2 [\LUT2(init="0111")(0,3)\]
Compiling architecture lut4_v of entity unisim.LUT4 [\LUT4(init="0010000000000000")(0...]
Compiling architecture lut6_v of entity unisim.LUT6 [\LUT6(init="00000010000000000000...]
Compiling architecture structure of entity xil_defaultlib.dataConsume_synthesised [dataconsume_synthesised_default]
Compiling architecture behavioral of entity xil_defaultlib.dataConsume [dataconsume_default]
Compiling architecture cmdproc_behav of entity xil_defaultlib.cmdProc [cmdproc_default]
Compiling architecture behavioral of entity xil_defaultlib.UART_TX_CTRL [uart_tx_ctrl_default]
Compiling architecture rcvr of entity xil_defaultlib.UART_RX_CTRL [uart_rx_ctrl_default]
Compiling architecture testbench of entity xil_defaultlib.tb_cmdproc_interim
Built simulation snapshot tb_cmdProc_interim_behav

****** Webtalk v2018.2.2 (64-bit)
  **** SW Build 2348494 on Mon Oct  1 18:25:44 MDT 2018
  **** IP Build 2318053 on Mon Oct  1 21:44:26 MDT 2018
    ** Copyright 1986-2018 Xilinx, Inc. All Rights Reserved.

source C:/Users/jpiam/Documents/GitHub/digi-cmdproc-interim/Vivado/190302_digi_cmd_interim_01.sim/sim_1/behav/xsim/xsim.dir/tb_cmdProc_interim_behav/webtalk/xsim_webtalk.tcl -notrace
INFO: [Common 17-206] Exiting Webtalk at Fri Mar 15 21:18:46 2019...
run_program: Time (s): cpu = 00:00:01 ; elapsed = 00:00:16 . Memory (MB): peak = 750.953 ; gain = 0.000
INFO: [USF-XSim-69] 'elaborate' step finished in '16' seconds
INFO: [USF-XSim-4] XSim::Simulate design
INFO: [USF-XSim-61] Executing 'SIMULATE' step in 'C:/Users/jpiam/Documents/GitHub/digi-cmdproc-interim/Vivado/190302_digi_cmd_interim_01.sim/sim_1/behav/xsim'
INFO: [USF-XSim-98] *** Running xsim
   with args "tb_cmdProc_interim_behav -key {Behavioral:sim_1:Functional:tb_cmdProc_interim} -tclbatch {tb_cmdProc_interim.tcl} -view {C:/Users/jpiam/Documents/GitHub/digi-cmdproc-interim/Vivado/tb_cmdProc_interim_behav.wcfg} -log {simulate.log}"
INFO: [USF-XSim-8] Loading simulator feature
Vivado Simulator 2018.2
Time resolution is 1 ps
open_wave_config C:/Users/jpiam/Documents/GitHub/digi-cmdproc-interim/Vivado/tb_cmdProc_interim_behav.wcfg
source tb_cmdProc_interim.tcl
# set curr_wave [current_wave_config]
# if { [string length $curr_wave] == 0 } {
#   if { [llength [get_objects]] > 0} {
#     add_wave /
#     set_property needs_save false [current_wave_config]
#   } else {
#      send_msg_id Add_Wave-1 WARNING "No top level signals found. Simulator will start without a wave window. If you want to open a wave window go to 'File->New Waveform Configuration' or type 'create_wave_config' in the TCL console."
#   }
# }
# run 1000ns
INFO: [USF-XSim-96] XSim completed. Design snapshot 'tb_cmdProc_interim_behav' loaded.
INFO: [USF-XSim-97] XSim simulation ran for 1000ns
launch_simulation: Time (s): cpu = 00:00:10 ; elapsed = 00:00:26 . Memory (MB): peak = 763.953 ; gain = 15.848
current_wave_config {tb_cmdProc_interim_behav.wcfg}
tb_cmdProc_interim_behav.wcfg
add_wave {{/tb_cmdProc_interim/cmdProc1/numWords_bcd}} 
run 6 ms
run: Time (s): cpu = 00:00:04 ; elapsed = 00:00:18 . Memory (MB): peak = 775.770 ; gain = 0.301
close_sim
INFO: [Simtcl 6-16] Simulation closed
exit
INFO: [Common 17-206] Exiting Vivado at Sat Mar 16 13:36:38 2019...
