#-----------------------------------------------------------
# Vivado v2018.2 (64-bit)
# SW Build 2258646 on Thu Jun 14 20:03:12 MDT 2018
# IP Build 2256618 on Thu Jun 14 22:10:49 MDT 2018
# Start of session at: Sat Mar 16 16:13:49 2019
# Process ID: 16528
# Current directory: C:/Users/sv17657/OneDrive - University of Bristol/DigiDesProject/digi-cmdproc-interim/Vivado
# Command line: vivado.exe -gui_launcher_event rodinguilauncherevent15668 C:\Users\sv17657\OneDrive - University of Bristol\DigiDesProject\digi-cmdproc-interim\Vivado\190302_digi_cmd_interim_01.xpr
# Log file: C:/Users/sv17657/OneDrive - University of Bristol/DigiDesProject/digi-cmdproc-interim/Vivado/vivado.log
# Journal file: C:/Users/sv17657/OneDrive - University of Bristol/DigiDesProject/digi-cmdproc-interim/Vivado\vivado.jou
#-----------------------------------------------------------
start_gopoopen_project {C:/Users/sv17657/OneDrive - University of Bristol/DigiDesProject/digi-cmdproc-interim/Vivado/190302_digi_cmd_interim_01.xpr}
INFO: [ProjectBase 1-489] The host OS only allows 260 characters in a normal path. The project is stored in a path with more than 80 characters. If you experience issues with IP, Block Designs, or files not being found, please consider moving the project to a location with a shorter path. Alternately consider using the OS subst command to map part of the path to a drive letter.
Current project path is 'C:/Users/sv17657/OneDrive - University of Bristol/DigiDesProject/digi-cmdproc-interim/Vivado'
Scanning sources...
Finished scanning sources
WARNING: [filemgmtINFO: [Common 17-344] 'open_project' was cancelleexexit
INFOopen_project {C:/Users/sv17657/OneDrive - University of Bristol/DigiDesProject/digi-cmdproc-interim/Vivado/190302_digi_cmd_interim_01.xpr}
INFO: [ProjectBase 1-489] The host OS only allows 260 characters in a normal path. The project is stored in a path with more than 80 characters. If you experience issues with IP, Block Designs, or files not being found, please consider moving the project to a location with a shorter path. Alternately consider using the OS subst command to map part of the path to a drive letter.
Current project path is 'C:/Users/sv17657/OneDrive - University of Bristol/DigiDesProject/digi-cmdproc-interim/Vivado'
Scanning sources...
Finished scanning sources
WARNING: [filemgmt 56-3] IPUserFilesDir: Could not find the directory 'C:/Users/sv17657/OneDrive - University of Bristol/DigiDesProject/digi-cmdproc-interim/Vivado/190302_digi_cmd_interim_01.ip_user_files'.
INFO: [IP_Flow 19-234] Refreshing IP repositories
INFO: [IP_Flow 19-1704] No user IP repositories specified
INFO: [IP_Flow 19-2313] Loaded Vivado IP repository 'C:/Xilinx/Vivado/2018.2/data/ip'.
open_project: Time (s): cpu = 00:00:12 ; elapsed = 00:00:50 . Memory (MB): peak = 810.328 ; gain = 98.418
exit
INFO: [Common 17-206] Exiting Vivado at Sat Mar 16 16:17:54 2019...
INFO: [filemgmt 56-326] User Interrupt. Could not getCurrentGraph()
INFO: [filemgmt 56-326] User Interrupt. Could not getCurrentGraph()
